  Character.cpp
C:\Users\b017629l\Downloads\MarioGEC\MarioBrosProtoV\MarioBrosProtoV\Character.cpp(29,74): warning C4244: '=': conversion from 'int' to 'float', possible loss of data
C:\Users\b017629l\Downloads\MarioGEC\MarioBrosProtoV\MarioBrosProtoV\Character.cpp(64,46): warning C4244: 'argument': conversion from 'int' to 'float', possible loss of data
C:\Users\b017629l\Downloads\MarioGEC\MarioBrosProtoV\MarioBrosProtoV\Character.cpp(64,22): warning C4244: 'argument': conversion from 'int' to 'float', possible loss of data
  CharacterLuigi.cpp
C:\Users\b017629l\Downloads\MarioGEC\MarioBrosProtoV\MarioBrosProtoV\CharacterLuigi.cpp(4,50): error C2661: 'Character::Character': no overloaded function takes 3 arguments
  CharacterMario.cpp
C:\Users\b017629l\Downloads\MarioGEC\MarioBrosProtoV\MarioBrosProtoV\CharacterMario.cpp(4,50): error C2661: 'Character::Character': no overloaded function takes 3 arguments
  Collisions.cpp
  GameDisplayManager.cpp
  GameLevel1Display.cpp
C:\Users\b017629l\Downloads\MarioGEC\MarioBrosProtoV\MarioBrosProtoV\GameLevel1Display.cpp(44,25): error C2660: 'Character::Render': function does not take 0 arguments
C:\Users\b017629l\Downloads\MarioGEC\MarioBrosProtoV\MarioBrosProtoV\Character.h(42,15): message : see declaration of 'Character::Render'
C:\Users\b017629l\Downloads\MarioGEC\MarioBrosProtoV\MarioBrosProtoV\GameLevel1Display.cpp(45,25): error C2660: 'Character::Render': function does not take 0 arguments
C:\Users\b017629l\Downloads\MarioGEC\MarioBrosProtoV\MarioBrosProtoV\Character.h(42,15): message : see declaration of 'Character::Render'
  GameScreen.cpp
  Texture2D.cpp
C:\Users\b017629l\Downloads\MarioGEC\MarioBrosProtoV\MarioBrosProtoV\Texture2D.cpp(79,45): warning C4838: conversion from 'float' to 'int' requires a narrowing conversion
C:\Users\b017629l\Downloads\MarioGEC\MarioBrosProtoV\MarioBrosProtoV\Texture2D.cpp(79,45): warning C4244: 'initializing': conversion from 'float' to 'int', possible loss of data
C:\Users\b017629l\Downloads\MarioGEC\MarioBrosProtoV\MarioBrosProtoV\Texture2D.cpp(79,60): warning C4838: conversion from 'float' to 'int' requires a narrowing conversion
C:\Users\b017629l\Downloads\MarioGEC\MarioBrosProtoV\MarioBrosProtoV\Texture2D.cpp(79,60): warning C4244: 'initializing': conversion from 'float' to 'int', possible loss of data
  Generating Code...
